#! /c/Source/iverilog-install/bin/vvp
:ivl_version "12.0 (devel)" "(s20150603-1539-g2693dd32b)";
:ivl_delay_selection "TYPICAL";
:vpi_time_precision + 0;
:vpi_module "C:\iverilog\lib\ivl\system.vpi";
:vpi_module "C:\iverilog\lib\ivl\vhdl_sys.vpi";
:vpi_module "C:\iverilog\lib\ivl\vhdl_textio.vpi";
:vpi_module "C:\iverilog\lib\ivl\v2005_math.vpi";
:vpi_module "C:\iverilog\lib\ivl\va_math.vpi";
S_000001c7b46957b0 .scope module, "tff_tb" "tff_tb" 2 1;
 .timescale 0 0;
v000001c7b464ba40_0 .var "clk", 0 0;
v000001c7b464bae0_0 .net "q", 0 0, v000001c7b464b860_0;  1 drivers
v000001c7b464bb80_0 .var "rst", 0 0;
v000001c7b464bc20_0 .var "t", 0 0;
S_000001c7b4695940 .scope module, "m1" "tff" 2 4, 3 1 0, S_000001c7b46957b0;
 .timescale 0 0;
    .port_info 0 /INPUT 1 "t";
    .port_info 1 /INPUT 1 "clk";
    .port_info 2 /INPUT 1 "rst";
    .port_info 3 /OUTPUT 1 "q";
v000001c7b4649f70_0 .net "clk", 0 0, v000001c7b464ba40_0;  1 drivers
v000001c7b464b860_0 .var "q", 0 0;
v000001c7b464b900_0 .net "rst", 0 0, v000001c7b464bb80_0;  1 drivers
v000001c7b464b9a0_0 .net "t", 0 0, v000001c7b464bc20_0;  1 drivers
E_000001c7b464c6b0 .event negedge, v000001c7b4649f70_0;
    .scope S_000001c7b4695940;
T_0 ;
    %wait E_000001c7b464c6b0;
    %load/vec4 v000001c7b464b900_0;
    %nor/r;
    %flag_set/vec4 8;
    %jmp/0xz  T_0.0, 8;
    %pushi/vec4 0, 0, 1;
    %assign/vec4 v000001c7b464b860_0, 0;
    %jmp T_0.1;
T_0.0 ;
    %load/vec4 v000001c7b464b9a0_0;
    %flag_set/vec4 8;
    %jmp/0xz  T_0.2, 8;
    %load/vec4 v000001c7b464b860_0;
    %nor/r;
    %assign/vec4 v000001c7b464b860_0, 0;
T_0.2 ;
T_0.1 ;
    %jmp T_0;
    .thread T_0;
    .scope S_000001c7b46957b0;
T_1 ;
    %pushi/vec4 0, 0, 1;
    %store/vec4 v000001c7b464bb80_0, 0, 1;
    %delay 10, 0;
    %load/vec4 v000001c7b464bb80_0;
    %nor/r;
    %store/vec4 v000001c7b464bb80_0, 0, 1;
    %end;
    .thread T_1;
    .scope S_000001c7b46957b0;
T_2 ;
    %pushi/vec4 0, 0, 1;
    %store/vec4 v000001c7b464ba40_0, 0, 1;
    %end;
    .thread T_2;
    .scope S_000001c7b46957b0;
T_3 ;
    %delay 15, 0;
    %load/vec4 v000001c7b464ba40_0;
    %nor/r;
    %store/vec4 v000001c7b464ba40_0, 0, 1;
    %jmp T_3;
    .thread T_3;
    .scope S_000001c7b46957b0;
T_4 ;
    %pushi/vec4 0, 0, 1;
    %store/vec4 v000001c7b464bc20_0, 0, 1;
    %end;
    .thread T_4;
    .scope S_000001c7b46957b0;
T_5 ;
    %delay 7, 0;
    %load/vec4 v000001c7b464bc20_0;
    %nor/r;
    %store/vec4 v000001c7b464bc20_0, 0, 1;
    %jmp T_5;
    .thread T_5;
    .scope S_000001c7b46957b0;
T_6 ;
    %delay 500, 0;
    %vpi_call 2 13 "$finish" {0 0 0};
    %end;
    .thread T_6;
    .scope S_000001c7b46957b0;
T_7 ;
    %vpi_call 2 16 "$dumpfile", "tff.vcd" {0 0 0};
    %vpi_call 2 17 "$dumpvars", 32'sb00000000000000000000000000000001 {0 0 0};
    %end;
    .thread T_7;
# The file index is used to find the file name in the following table.
:file_names 4;
    "N/A";
    "<interactive>";
    "tff_tb.v";
    "tff.v";
